0 info it worked if it ends with ok
1 verbose cli [ '/usr/local/bin/node',
1 verbose cli   '/usr/local/bin/npm',
1 verbose cli   'run-script',
1 verbose cli   'watch' ]
2 info using npm@3.8.9
3 info using node@v6.1.0
4 verbose run-script [ 'prewatch', 'watch', 'postwatch' ]
5 info lifecycle packed-it@1.0.0~prewatch: packed-it@1.0.0
6 silly lifecycle packed-it@1.0.0~prewatch: no script for prewatch, continuing
7 info lifecycle packed-it@1.0.0~watch: packed-it@1.0.0
8 verbose lifecycle packed-it@1.0.0~watch: unsafe-perm in lifecycle true
9 verbose lifecycle packed-it@1.0.0~watch: PATH: /usr/local/lib/node_modules/npm/bin/node-gyp-bin:/Users/stu/Development/packed-it/src/main/resources/static/node_modules/.bin:/usr/local/bin:/usr/local/bin/boxfuse:/Users/stu/.rvm/gems/ruby-2.2.1/bin:/Users/stu/.rvm/gems/ruby-2.2.1@global/bin:/Users/stu/.rvm/rubies/ruby-2.2.1/bin:/usr/local/bin:/usr/bin:/bin:/usr/sbin:/sbin:/Users/stu/.rvm/bin
10 verbose lifecycle packed-it@1.0.0~watch: CWD: /Users/stu/Development/packed-it/src/main/resources/static
11 silly lifecycle packed-it@1.0.0~watch: Args: [ '-c', 'webpack --watch -d' ]
12 silly lifecycle packed-it@1.0.0~watch: Returned: code: 1  signal: null
13 info lifecycle packed-it@1.0.0~watch: Failed to exec watch script
14 verbose stack Error: packed-it@1.0.0 watch: `webpack --watch -d`
14 verbose stack Exit status 1
14 verbose stack     at EventEmitter.<anonymous> (/usr/local/lib/node_modules/npm/lib/utils/lifecycle.js:245:16)
14 verbose stack     at emitTwo (events.js:106:13)
14 verbose stack     at EventEmitter.emit (events.js:191:7)
14 verbose stack     at ChildProcess.<anonymous> (/usr/local/lib/node_modules/npm/lib/utils/spawn.js:24:14)
14 verbose stack     at emitTwo (events.js:106:13)
14 verbose stack     at ChildProcess.emit (events.js:191:7)
14 verbose stack     at maybeClose (internal/child_process.js:850:16)
14 verbose stack     at Process.ChildProcess._handle.onexit (internal/child_process.js:215:5)
15 verbose pkgid packed-it@1.0.0
16 verbose cwd /Users/stu/Development/packed-it/src/main/resources/static
17 error Darwin 15.4.0
18 error argv "/usr/local/bin/node" "/usr/local/bin/npm" "run-script" "watch"
19 error node v6.1.0
20 error npm  v3.8.9
21 error code ELIFECYCLE
22 error packed-it@1.0.0 watch: `webpack --watch -d`
22 error Exit status 1
23 error Failed at the packed-it@1.0.0 watch script 'webpack --watch -d'.
23 error Make sure you have the latest version of node.js and npm installed.
23 error If you do, this is most likely a problem with the packed-it package,
23 error not with npm itself.
23 error Tell the author that this fails on your system:
23 error     webpack --watch -d
23 error You can get information on how to open an issue for this project with:
23 error     npm bugs packed-it
23 error Or if that isn't available, you can get their info via:
23 error     npm owner ls packed-it
23 error There is likely additional logging output above.
24 verbose exit [ 1, true ]
